d:\桌面\剔除&光照2.0\minigl\debug\minigl.pch
d:\桌面\剔除&光照2.0\minigl\debug\vc142.pdb
d:\桌面\剔除&光照2.0\minigl\debug\vc142.idb
d:\桌面\剔除&光照2.0\minigl\debug\stdafx.obj
d:\桌面\剔除&光照2.0\minigl\debug\vec3.obj
d:\桌面\剔除&光照2.0\minigl\debug\sta.obj
d:\桌面\剔除&光照2.0\minigl\debug\selector.obj
d:\桌面\剔除&光照2.0\minigl\debug\renderer3d.obj
d:\桌面\剔除&光照2.0\minigl\debug\minigl.obj
d:\桌面\剔除&光照2.0\minigl\debug\messagehandler.obj
d:\桌面\剔除&光照2.0\minigl\debug\matrix3.obj
d:\桌面\剔除&光照2.0\minigl\debug\layerimporter.obj
d:\桌面\剔除&光照2.0\minigl\debug\graphic.obj
d:\桌面\剔除&光照2.0\minigl\debug\geometryfactory.obj
d:\桌面\剔除&光照2.0\minigl\debug\editor.obj
d:\桌面\剔除&光照2.0\minigl\debug\dialoghelper.obj
d:\桌面\剔除&光照2.0\minigl\debug\polylinecut.obj
d:\桌面\剔除&光照2.0\minigl\debug\polygoncut.obj
d:\桌面\剔除&光照2.0\minigl\debug\matrix4.obj
d:\桌面\剔除&光照2.0\minigl\debug\add2d.obj
d:\桌面\剔除&光照2.0\minigl\debug\geodefine3d.obj
d:\桌面\剔除&光照2.0\minigl\debug\cut3d.obj
d:\桌面\剔除&光照2.0\minigl\debug\draw.obj
d:\桌面\剔除&光照2.0\minigl\debug\vec4.obj
d:\桌面\剔除&光照2.0\debug\minigl.lib
d:\桌面\剔除&光照2.0\debug\minigl.exp
d:\桌面\剔除&光照2.0\minigl\debug\minigl.res
d:\桌面\剔除&光照2.0\debug\minigl.pdb
d:\桌面\剔除&光照2.0\minigl\debug\minigl.tlog\cl.command.1.tlog
d:\桌面\剔除&光照2.0\minigl\debug\minigl.tlog\cl.read.1.tlog
d:\桌面\剔除&光照2.0\minigl\debug\minigl.tlog\cl.write.1.tlog
d:\桌面\剔除&光照2.0\minigl\debug\minigl.tlog\link.21560-cvtres.read.1.tlog
d:\桌面\剔除&光照2.0\minigl\debug\minigl.tlog\link.21560-cvtres.write.1.tlog
d:\桌面\剔除&光照2.0\minigl\debug\minigl.tlog\link.21560-rc.read.1.tlog
d:\桌面\剔除&光照2.0\minigl\debug\minigl.tlog\link.21560-rc.write.1.tlog
d:\桌面\剔除&光照2.0\minigl\debug\minigl.tlog\link.21560.read.1.tlog
d:\桌面\剔除&光照2.0\minigl\debug\minigl.tlog\link.21560.write.1.tlog
d:\桌面\剔除&光照2.0\minigl\debug\minigl.tlog\link.command.1.tlog
d:\桌面\剔除&光照2.0\minigl\debug\minigl.tlog\link.read.1.tlog
d:\桌面\剔除&光照2.0\minigl\debug\minigl.tlog\link.write.1.tlog
d:\桌面\剔除&光照2.0\minigl\debug\minigl.tlog\minigl.write.1u.tlog
d:\桌面\剔除&光照2.0\minigl\debug\minigl.tlog\rc.command.1.tlog
d:\桌面\剔除&光照2.0\minigl\debug\minigl.tlog\rc.read.1.tlog
d:\桌面\剔除&光照2.0\minigl\debug\minigl.tlog\rc.write.1.tlog
