e:\课程\大三上\6-计算机图形学与gis可视化\0915\minigl\x64\debug\minigl.pch
e:\课程\大三上\6-计算机图形学与gis可视化\0915\minigl\x64\debug\vc142.pdb
e:\课程\大三上\6-计算机图形学与gis可视化\0915\minigl\x64\debug\vc142.idb
e:\课程\大三上\6-计算机图形学与gis可视化\0915\minigl\x64\debug\stdafx.obj
e:\课程\大三上\6-计算机图形学与gis可视化\0915\minigl\x64\debug\state.obj
e:\课程\大三上\6-计算机图形学与gis可视化\0915\minigl\x64\debug\minigl.obj
e:\课程\大三上\6-计算机图形学与gis可视化\0915\minigl\x64\debug\messagehandler.obj
e:\课程\大三上\6-计算机图形学与gis可视化\0915\minigl\x64\debug\geometryfactory.obj
e:\课程\大三上\6-计算机图形学与gis可视化\0915\minigl\x64\debug\raster.obj
e:\课程\大三上\6-计算机图形学与gis可视化\0915\minigl\x64\debug\graphic.obj
e:\课程\大三上\6-计算机图形学与gis可视化\0915\minigl\x64\debug\polygonraster.obj
e:\课程\大三上\6-计算机图形学与gis可视化\0915\minigl\x64\debug\fill.obj
e:\课程\大三上\6-计算机图形学与gis可视化\graphic\minigl\x64\debug\minigl.pch
e:\课程\大三上\6-计算机图形学与gis可视化\graphic\minigl\x64\debug\vc142.pdb
e:\课程\大三上\6-计算机图形学与gis可视化\graphic\minigl\x64\debug\vc142.idb
e:\课程\大三上\6-计算机图形学与gis可视化\graphic\minigl\x64\debug\stdafx.obj
e:\课程\大三上\6-计算机图形学与gis可视化\graphic\minigl\x64\debug\state.obj
e:\课程\大三上\6-计算机图形学与gis可视化\graphic\minigl\x64\debug\raster.obj
e:\课程\大三上\6-计算机图形学与gis可视化\graphic\minigl\x64\debug\polygonraster.obj
e:\课程\大三上\6-计算机图形学与gis可视化\graphic\minigl\x64\debug\minigl.obj
e:\课程\大三上\6-计算机图形学与gis可视化\graphic\minigl\x64\debug\messagehandler.obj
e:\课程\大三上\6-计算机图形学与gis可视化\graphic\minigl\x64\debug\graphic.obj
e:\课程\大三上\6-计算机图形学与gis可视化\graphic\minigl\x64\debug\geometryfactory.obj
e:\课程\大三上\6-计算机图形学与gis可视化\graphic\minigl\x64\debug\fill.obj
d:\大学\大三上\新建文件夹\3\minigl\x64\debug\minigl.pch
d:\大学\大三上\新建文件夹\3\minigl\x64\debug\vc143.pdb
d:\大学\大三上\新建文件夹\3\minigl\x64\debug\vc143.idb
d:\大学\大三上\新建文件夹\3\minigl\x64\debug\stdafx.obj
e:\课程\大三上\6-计算机图形学与gis可视化\0915\x64\debug\minigl.exe
e:\课程\大三上\6-计算机图形学与gis可视化\0915\x64\debug\minigl.ilk
e:\课程\大三上\6-计算机图形学与gis可视化\0915\x64\debug\minigl.pdb
e:\课程\大三上\6-计算机图形学与gis可视化\graphic\x64\debug\minigl.ilk
e:\课程\大三上\6-计算机图形学与gis可视化\graphic\x64\debug\minigl.exe
e:\课程\大三上\6-计算机图形学与gis可视化\graphic\x64\debug\minigl.pdb
e:\课程\大三上\6-计算机图形学与gis可视化\0915\minigl\x64\debug\minigl.res
e:\课程\大三上\6-计算机图形学与gis可视化\graphic\minigl\x64\debug\minigl.res
d:\大学\大三上\新建文件夹\3\minigl\x64\debug\add2d.obj
d:\大学\大三上\新建文件夹\3\minigl\x64\debug\cut3d.obj
d:\大学\大三上\新建文件夹\3\minigl\x64\debug\dialoghelper.obj
d:\大学\大三上\新建文件夹\3\minigl\x64\debug\draw.obj
d:\大学\大三上\新建文件夹\3\minigl\x64\debug\editor.obj
d:\大学\大三上\新建文件夹\3\minigl\x64\debug\fill.obj
d:\大学\大三上\新建文件夹\3\minigl\x64\debug\geometryfactory.obj
d:\大学\大三上\新建文件夹\3\minigl\x64\debug\graphic.obj
d:\大学\大三上\新建文件夹\3\minigl\x64\debug\layerimporter.obj
d:\大学\大三上\新建文件夹\3\minigl\x64\debug\matrix3.obj
d:\大学\大三上\新建文件夹\3\minigl\x64\debug\matrix4.obj
d:\大学\大三上\新建文件夹\3\minigl\x64\debug\messagehandler.obj
d:\大学\大三上\新建文件夹\3\minigl\x64\debug\minigl.obj
d:\大学\大三上\新建文件夹\3\minigl\x64\debug\polygoncut.obj
d:\大学\大三上\新建文件夹\3\minigl\x64\debug\polygonraster.obj
d:\大学\大三上\新建文件夹\3\minigl\x64\debug\polylinecut.obj
d:\大学\大三上\新建文件夹\3\minigl\x64\debug\raster.obj
d:\大学\大三上\新建文件夹\3\minigl\x64\debug\selector.obj
d:\大学\大三上\新建文件夹\3\minigl\x64\debug\sta.obj
d:\大学\大三上\新建文件夹\3\minigl\x64\debug\state.obj
d:\大学\大三上\新建文件夹\3\minigl\x64\debug\vec3.obj
d:\大学\大三上\新建文件夹\3\minigl\x64\debug\vec4.obj
d:\大学\大三上\新建文件夹\3\minigl\x64\debug\messagehandler.obj.enc
d:\大学\大三上\新建文件夹\3\minigl\x64\debug\polygonraster.obj.enc
d:\大学\大三上\新建文件夹\3\minigl\x64\debug\minigl.res
d:\大学\大三上\新建文件夹\3\minigl\x64\debug\graphicgl.pch
d:\大学\大三上\新建文件夹\3\minigl\x64\debug\vc142.idb
d:\大学\大三上\新建文件夹\3\minigl\x64\debug\vc142.pdb
d:\大学\大三上\新建文件夹\3\x64\debug\minigl.pdb
d:\大学\大三上\新建文件夹\3\x64\debug\minigl.exe
d:\大学\大三上\新建文件夹\3\x64\debug\minigl.ilk
d:\大学\大三上\新建文件夹\3\minigl\x64\debug\minigl.tlog\cl.command.1.tlog
d:\大学\大三上\新建文件夹\3\minigl\x64\debug\minigl.tlog\cl.read.1.tlog
d:\大学\大三上\新建文件夹\3\minigl\x64\debug\minigl.tlog\cl.write.1.tlog
d:\大学\大三上\新建文件夹\3\minigl\x64\debug\minigl.tlog\link.command.1.tlog
d:\大学\大三上\新建文件夹\3\minigl\x64\debug\minigl.tlog\link.read.1.tlog
d:\大学\大三上\新建文件夹\3\minigl\x64\debug\minigl.tlog\link.write.1.tlog
d:\大学\大三上\新建文件夹\3\minigl\x64\debug\minigl.tlog\rc.command.1.tlog
d:\大学\大三上\新建文件夹\3\minigl\x64\debug\minigl.tlog\rc.read.1.tlog
d:\大学\大三上\新建文件夹\3\minigl\x64\debug\minigl.tlog\rc.write.1.tlog
